Object = mroctx2isis
  IsisVersion       = "8.3.0  | 2024-10-01"
  ProgramVersion    = 2016-06-10
  ProgramPath       = /home/ivan/miniconda3/envs/asp/bin
  ExecutionDateTime = 2025-05-24T09:14:25
  HostName          = Unknown
  UserName          = ivan
  Description       = "Import an MRO CTX image as an Isis cube"

  Group = UserParameters
    FROM    = /mnt/c/Users/Ivan/Documents/PROJECTS/Python/pyameslib/notebooks-
              /output/a_N13_067270_0910_N12_067124_0910/N13_067270_0910_XN_89-
              S005W.IMG
    TO      = /mnt/c/Users/Ivan/Documents/PROJECTS/Python/pyameslib/notebooks-
              /output/a_N13_067270_0910_N12_067124_0910/N13_067270_0910_XN_89-
              S005W.cub
    SUFFIX  = 18
    FILLGAP = true
  End_Group

  Group = Error
    Program = /home/ivan/miniconda3/envs/asp/bin/mroctx2isis
    Code    = 1
    Message = "No existing files found with a numerical version matching
               [ctxsqroot_???.lut] in
               [/home/ivan/miniconda3/envs/asp/data/mro/calibration]"
    File    = FileName.cpp
    Line    = 669
  End_Group
End_Object


Object = mroctx2isis
  IsisVersion       = "8.3.0  | 2024-10-01"
  ProgramVersion    = 2016-06-10
  ProgramPath       = /home/ivan/miniconda3/envs/asp/bin
  ExecutionDateTime = 2025-05-24T09:14:55
  HostName          = Unknown
  UserName          = ivan
  Description       = "Import an MRO CTX image as an Isis cube"

  Group = UserParameters
    FROM    = /mnt/c/Users/Ivan/Documents/PROJECTS/Python/pyameslib/notebooks-
              /output/a_N13_067270_0910_N12_067124_0910/N13_067270_0910_XN_89-
              S005W.IMG
    TO      = /mnt/c/Users/Ivan/Documents/PROJECTS/Python/pyameslib/notebooks-
              /output/a_N13_067270_0910_N12_067124_0910/N13_067270_0910_XN_89-
              S005W.cub
    SUFFIX  = 18
    FILLGAP = true
  End_Group

  Group = Error
    Program = /home/ivan/miniconda3/envs/asp/bin/mroctx2isis
    Code    = 1
    Message = "No existing files found with a numerical version matching
               [ctxsqroot_???.lut] in
               [/home/ivan/miniconda3/envs/asp/data/mro/calibration]"
    File    = FileName.cpp
    Line    = 669
  End_Group
End_Object


Object = mroctx2isis
  IsisVersion       = "8.3.0  | 2024-10-01"
  ProgramVersion    = 2016-06-10
  ProgramPath       = /home/ivan/miniconda3/envs/asp/bin
  ExecutionDateTime = 2025-05-24T09:20:06
  HostName          = Unknown
  UserName          = ivan
  Description       = "Import an MRO CTX image as an Isis cube"

  Group = UserParameters
    FROM    = ./notebooks/output/a_N13_067270_0910_N12_067124_0910/N13_067270-
              _0910_XN_89S005W.IMG
    TO      = ./notebooks/output/a_N13_067270_0910_N12_067124_0910/N13_067270-
              _0910_XN_89S005W.cub
    SUFFIX  = 18
    FILLGAP = true
  End_Group

  Group = Error
    Program = mroctx2isis
    Code    = 1
    Message = "No existing files found with a numerical version matching
               [ctxsqroot_???.lut] in
               [/home/ivan/miniconda3/envs/asp/data/mro/calibration]"
    File    = FileName.cpp
    Line    = 669
  End_Group
End_Object


Object = mroctx2isis
  IsisVersion       = "8.3.0  | 2024-10-01"
  ProgramVersion    = 2016-06-10
  ProgramPath       = /home/ivan/miniconda3/envs/asp/bin
  ExecutionDateTime = 2025-05-24T09:31:40
  HostName          = Unknown
  UserName          = ivan
  Description       = "Import an MRO CTX image as an Isis cube"

  Group = UserParameters
    FROM    = /mnt/c/Users/Ivan/Documents/PROJECTS/Python/pyameslib/notebooks-
              /output/a_N13_067270_0910_N12_067124_0910/N13_067270_0910_XN_89-
              S005W.IMG
    TO      = /mnt/c/Users/Ivan/Documents/PROJECTS/Python/pyameslib/notebooks-
              /output/a_N13_067270_0910_N12_067124_0910/N13_067270_0910_XN_89-
              S005W.cub
    SUFFIX  = 18
    FILLGAP = true
  End_Group

  Group = Error
    Program = /home/ivan/miniconda3/envs/asp/bin/mroctx2isis
    Code    = 1
    Message = "No existing files found with a numerical version matching
               [ctxsqroot_???.lut] in
               [/home/ivan/miniconda3/envs/asp/data/mro/calibration]"
    File    = FileName.cpp
    Line    = 669
  End_Group
End_Object


Object = spiceinit
  IsisVersion       = "8.3.0  | 2024-10-01"
  ProgramVersion    = 2021-08-10
  ProgramPath       = /home/ivan/miniconda3/envs/asp/bin
  ExecutionDateTime = 2025-05-24T09:47:08
  HostName          = Unknown
  UserName          = ivan
  Description       = "Update SPICE data (kernels, pointing, and position) for
                       a camera cube"

  Group = UserParameters
    FROM         = /mnt/c/Users/Ivan/Documents/PROJECTS/Python/pyameslib/note-
                   books/output/a_N13_067270_0910_N12_067124_0910/N12_067124_-
                   0910_XN_89S006W.cub
    WEB          = yes
    ATTACH       = TRUE
    CKSMITHED    = FALSE
    CKRECON      = TRUE
    CKPREDICTED  = FALSE
    CKNADIR      = FALSE
    SPKSMITHED   = FALSE
    SPKRECON     = TRUE
    SPKPREDICTED = FALSE
    SHAPE        = SYSTEM
    STARTPAD     = 0.0
    ENDPAD       = 0.0
    URL          = https://astrogeology.usgs.gov/apis/ale/v0.9.1/spiceserver/
    PORT         = 443
  End_Group

  Group = Kernels
    NaifFrameCode             = -74021
    LeapSecond                = $base/kernels/lsk/naif0012.tls
    TargetAttitudeShape       = $mro/kernels/pck/pck00008.tpc
    TargetPosition            = (Table, $base/kernels/spk/de430.bsp,
                                 $base/kernels/spk/mar097.bsp)
    InstrumentPointing        = (Table,
                                 $mro/kernels/ck/mro_sc_psp_201117_201123.bc,
                                 $mro/kernels/fk/mro_v16.tf)
    Instrument                = Null
    SpacecraftClock           = $mro/kernels/sclk/MRO_SCLKSCET.00113.65536.tsc
    InstrumentPosition        = (Table,
                                 $mro/kernels/spk/mro_psp57_ssd_mro95a.bsp)
    InstrumentAddendum        = $mro/kernels/iak/mroctxAddendum005.ti
    ShapeModel                = $base/dems/molaMarsPlanetaryRadius0005.cub
    InstrumentPositionQuality = Reconstructed
    InstrumentPointingQuality = Reconstructed
    CameraVersion             = 1
  End_Group

  Group = Error
    Program = /home/ivan/miniconda3/envs/asp/bin/spiceinit
    Code    = 1
    Message = "The SPICE server returned incompatible SPICE data"
    File    = spiceinit.cpp
    Line    = 714
  End_Group

  Group = Error
    Program = /home/ivan/miniconda3/envs/asp/bin/spiceinit
    Code    = 1
    Message = "Unable to initialize camera model in Camera Factory"
    File    = CameraFactory.cpp
    Line    = 112
  End_Group

  Group = Error
    Program = /home/ivan/miniconda3/envs/asp/bin/spiceinit
    Class   = "PROGRAMMER ERROR"
    Code    = 3
    Message = "Unable to create a shape model from given target and pvl"
    File    = ShapeModelFactory.cpp
    Line    = 110
  End_Group

  Group = Error
    Program = /home/ivan/miniconda3/envs/asp/bin/spiceinit
    Class   = "I/O ERROR"
    Code    = 4
    Message = "Invalid shape model file
               [$base/dems/molaMarsPlanetaryRadius0005.cub] in Kernels group"
    File    = ShapeModelFactory.cpp
    Line    = 154
  End_Group

  Group = Error
    Program = /home/ivan/miniconda3/envs/asp/bin/spiceinit
    Code    = 1
    Message = "The given shape model file is not a valid ISIS DEM. Unable to
               open as an ISIS cube"
    File    = ShapeModelFactory.cpp
    Line    = 272
  End_Group

  Group = Error
    Program = /home/ivan/miniconda3/envs/asp/bin/spiceinit
    Class   = "I/O ERROR"
    Code    = 4
    Message = "Unable to open
               [/home/ivan/miniconda3/envs/asp/data/base/dems/molaMarsPlanetar-
               yRadius0005.cub]"
    File    = Cube.cpp
    Line    = 2417
  End_Group

  Group = Error
    Program = /home/ivan/miniconda3/envs/asp/bin/spiceinit
    Code    = 1
    Message = "The given shape model file is not a valid NAIF DSK file. Unable
               to construct a NAIF DSK shape model"
    File    = ShapeModelFactory.cpp
    Line    = 244
  End_Group

  Group = Error
    Program = /home/ivan/miniconda3/envs/asp/bin/spiceinit
    Class   = "USER ERROR"
    Code    = 2
    Message = "NAIF DSK file [$base/dems/molaMarsPlanetaryRadius0005.cub] does
               not exist"
    File    = NaifDskPlateModel.cpp
    Line    = 351
  End_Group
End_Object


Object = spiceinit
  IsisVersion       = "8.3.0  | 2024-10-01"
  ProgramVersion    = 2021-08-10
  ProgramPath       = /home/ivan/miniconda3/envs/asp/bin
  ExecutionDateTime = 2025-05-24T09:49:47
  HostName          = Unknown
  UserName          = ivan
  Description       = "Update SPICE data (kernels, pointing, and position) for
                       a camera cube"

  Group = UserParameters
    FROM         = /mnt/c/Users/Ivan/Documents/PROJECTS/Python/pyameslib/note-
                   books/output/a_N13_067270_0910_N12_067124_0910/N12_067124_-
                   0910_XN_89S006W.cub
    WEB          = yes
    ATTACH       = TRUE
    CKSMITHED    = FALSE
    CKRECON      = TRUE
    CKPREDICTED  = FALSE
    CKNADIR      = FALSE
    SPKSMITHED   = FALSE
    SPKRECON     = TRUE
    SPKPREDICTED = FALSE
    SHAPE        = SYSTEM
    STARTPAD     = 0.0
    ENDPAD       = 0.0
    URL          = https://astrogeology.usgs.gov/apis/ale/v0.9.1/spiceserver/
    PORT         = 443
  End_Group

  Group = Kernels
    NaifFrameCode             = -74021
    LeapSecond                = $base/kernels/lsk/naif0012.tls
    TargetAttitudeShape       = $mro/kernels/pck/pck00008.tpc
    TargetPosition            = (Table, $base/kernels/spk/de430.bsp,
                                 $base/kernels/spk/mar097.bsp)
    InstrumentPointing        = (Table,
                                 $mro/kernels/ck/mro_sc_psp_201117_201123.bc,
                                 $mro/kernels/fk/mro_v16.tf)
    Instrument                = Null
    SpacecraftClock           = $mro/kernels/sclk/MRO_SCLKSCET.00113.65536.tsc
    InstrumentPosition        = (Table,
                                 $mro/kernels/spk/mro_psp57_ssd_mro95a.bsp)
    InstrumentAddendum        = $mro/kernels/iak/mroctxAddendum005.ti
    ShapeModel                = $base/dems/molaMarsPlanetaryRadius0005.cub
    InstrumentPositionQuality = Reconstructed
    InstrumentPointingQuality = Reconstructed
    CameraVersion             = 1
  End_Group

  Group = Error
    Program = /home/ivan/miniconda3/envs/asp/bin/spiceinit
    Code    = 1
    Message = "The SPICE server returned incompatible SPICE data"
    File    = spiceinit.cpp
    Line    = 714
  End_Group

  Group = Error
    Program = /home/ivan/miniconda3/envs/asp/bin/spiceinit
    Code    = 1
    Message = "Unable to initialize camera model in Camera Factory"
    File    = CameraFactory.cpp
    Line    = 112
  End_Group

  Group = Error
    Program = /home/ivan/miniconda3/envs/asp/bin/spiceinit
    Class   = "PROGRAMMER ERROR"
    Code    = 3
    Message = "Unable to create a shape model from given target and pvl"
    File    = ShapeModelFactory.cpp
    Line    = 110
  End_Group

  Group = Error
    Program = /home/ivan/miniconda3/envs/asp/bin/spiceinit
    Class   = "I/O ERROR"
    Code    = 4
    Message = "Invalid shape model file
               [$base/dems/molaMarsPlanetaryRadius0005.cub] in Kernels group"
    File    = ShapeModelFactory.cpp
    Line    = 154
  End_Group

  Group = Error
    Program = /home/ivan/miniconda3/envs/asp/bin/spiceinit
    Code    = 1
    Message = "The given shape model file is not a valid ISIS DEM. Unable to
               open as an ISIS cube"
    File    = ShapeModelFactory.cpp
    Line    = 272
  End_Group

  Group = Error
    Program = /home/ivan/miniconda3/envs/asp/bin/spiceinit
    Class   = "I/O ERROR"
    Code    = 4
    Message = "Unable to open
               [/home/ivan/miniconda3/envs/asp/data/base/dems/molaMarsPlanetar-
               yRadius0005.cub]"
    File    = Cube.cpp
    Line    = 2417
  End_Group

  Group = Error
    Program = /home/ivan/miniconda3/envs/asp/bin/spiceinit
    Code    = 1
    Message = "The given shape model file is not a valid NAIF DSK file. Unable
               to construct a NAIF DSK shape model"
    File    = ShapeModelFactory.cpp
    Line    = 244
  End_Group

  Group = Error
    Program = /home/ivan/miniconda3/envs/asp/bin/spiceinit
    Class   = "USER ERROR"
    Code    = 2
    Message = "NAIF DSK file [$base/dems/molaMarsPlanetaryRadius0005.cub] does
               not exist"
    File    = NaifDskPlateModel.cpp
    Line    = 351
  End_Group
End_Object


Object = spiceinit
  IsisVersion       = "8.3.0  | 2024-10-01"
  ProgramVersion    = 2021-08-10
  ProgramPath       = /home/ivan/miniconda3/envs/asp/bin
  ExecutionDateTime = 2025-05-24T09:51:42
  HostName          = Unknown
  UserName          = ivan
  Description       = "Update SPICE data (kernels, pointing, and position) for
                       a camera cube"

  Group = UserParameters
    FROM         = /mnt/c/Users/Ivan/Documents/PROJECTS/Python/pyameslib/note-
                   books/output/a_N13_067270_0910_N12_067124_0910/N12_067124_-
                   0910_XN_89S006W.cub
    WEB          = false
    ATTACH       = TRUE
    CKSMITHED    = FALSE
    CKRECON      = TRUE
    CKPREDICTED  = FALSE
    CKNADIR      = FALSE
    SPKSMITHED   = FALSE
    SPKRECON     = TRUE
    SPKPREDICTED = FALSE
    SHAPE        = SYSTEM
    STARTPAD     = 0.0
    ENDPAD       = 0.0
    URL          = https://astrogeology.usgs.gov/apis/ale/v0.9.1/spiceserver/
    PORT         = 443
  End_Group

  Group = Error
    Program = /home/ivan/miniconda3/envs/asp/bin/spiceinit
    Code    = 1
    Message = "No existing files found with a numerical version matching
               [kernels.????.db] in
               [/home/ivan/miniconda3/envs/asp/data/base/kernels/lsk]"
    File    = FileName.cpp
    Line    = 669
  End_Group
End_Object


Object = spiceinit
  IsisVersion       = "8.3.0  | 2024-10-01"
  ProgramVersion    = 2021-08-10
  ProgramPath       = /home/ivan/miniconda3/envs/asp/bin
  ExecutionDateTime = 2025-05-24T10:18:44
  HostName          = Unknown
  UserName          = ivan
  Description       = "Update SPICE data (kernels, pointing, and position) for
                       a camera cube"

  Group = UserParameters
    FROM         = /mnt/c/Users/Ivan/Documents/PROJECTS/Python/pyameslib/note-
                   books/output/a_N13_067270_0910_N12_067124_0910/N12_067124_-
                   0910_XN_89S006W.cub
    WEB          = false
    ATTACH       = TRUE
    CKSMITHED    = FALSE
    CKRECON      = TRUE
    CKPREDICTED  = FALSE
    CKNADIR      = FALSE
    SPKSMITHED   = FALSE
    SPKRECON     = TRUE
    SPKPREDICTED = FALSE
    SHAPE        = SYSTEM
    STARTPAD     = 0.0
    ENDPAD       = 0.0
    URL          = https://astrogeology.usgs.gov/apis/ale/v0.9.1/spiceserver/
    PORT         = 443
  End_Group

  Group = Error
    Program = /home/ivan/miniconda3/envs/asp/bin/spiceinit
    Code    = 1
    Message = "No existing files found with a numerical version matching
               [kernels.????.db] in
               [/home/ivan/miniconda3/envs/asp/data/mro/kernels/ck]"
    File    = FileName.cpp
    Line    = 669
  End_Group
End_Object


Object = spiceinit
  IsisVersion       = "8.3.0  | 2024-10-01"
  ProgramVersion    = 2021-08-10
  ProgramPath       = /home/ivan/miniconda3/envs/asp/bin
  ExecutionDateTime = 2025-05-24T10:33:35
  HostName          = Unknown
  UserName          = ivan
  Description       = "Update SPICE data (kernels, pointing, and position) for
                       a camera cube"

  Group = UserParameters
    FROM         = /mnt/c/Users/Ivan/Documents/PROJECTS/Python/pyameslib/note-
                   books/output/a_N13_067270_0910_N12_067124_0910/N12_067124_-
                   0910_XN_89S006W.cub
    WEB          = false
    ATTACH       = TRUE
    CKSMITHED    = FALSE
    CKRECON      = TRUE
    CKPREDICTED  = FALSE
    CKNADIR      = FALSE
    SPKSMITHED   = FALSE
    SPKRECON     = TRUE
    SPKPREDICTED = FALSE
    SHAPE        = SYSTEM
    STARTPAD     = 0.0
    ENDPAD       = 0.0
    URL          = https://astrogeology.usgs.gov/apis/ale/v0.9.1/spiceserver/
    PORT         = 443
  End_Group

  Group = Error
    Program = /home/ivan/miniconda3/envs/asp/bin/spiceinit
    Code    = 1
    Message = "No existing files found with a numerical version matching
               [kernels.????.db] in
               [/home/ivan/miniconda3/envs/asp/data/mro/kernels/ck]"
    File    = FileName.cpp
    Line    = 669
  End_Group
End_Object


Object = spiceinit
  IsisVersion       = "8.3.0  | 2024-10-01"
  ProgramVersion    = 2021-08-10
  ProgramPath       = /home/ivan/miniconda3/envs/asp/bin
  ExecutionDateTime = 2025-05-24T10:33:43
  HostName          = Unknown
  UserName          = ivan
  Description       = "Update SPICE data (kernels, pointing, and position) for
                       a camera cube"

  Group = UserParameters
    FROM         = /mnt/c/Users/Ivan/Documents/PROJECTS/Python/pyameslib/note-
                   books/output/a_N13_067270_0910_N12_067124_0910/N12_067124_-
                   0910_XN_89S006W.cub
    WEB          = yes
    ATTACH       = TRUE
    CKSMITHED    = FALSE
    CKRECON      = TRUE
    CKPREDICTED  = FALSE
    CKNADIR      = FALSE
    SPKSMITHED   = FALSE
    SPKRECON     = TRUE
    SPKPREDICTED = FALSE
    SHAPE        = SYSTEM
    STARTPAD     = 0.0
    ENDPAD       = 0.0
    URL          = https://astrogeology.usgs.gov/apis/ale/v0.9.1/spiceserver/
    PORT         = 443
  End_Group

  Group = Kernels
    NaifFrameCode             = -74021
    LeapSecond                = $base/kernels/lsk/naif0012.tls
    TargetAttitudeShape       = $mro/kernels/pck/pck00008.tpc
    TargetPosition            = (Table, $base/kernels/spk/de430.bsp,
                                 $base/kernels/spk/mar097.bsp)
    InstrumentPointing        = (Table,
                                 $mro/kernels/ck/mro_sc_psp_201117_201123.bc,
                                 $mro/kernels/fk/mro_v16.tf)
    Instrument                = Null
    SpacecraftClock           = $mro/kernels/sclk/MRO_SCLKSCET.00113.65536.tsc
    InstrumentPosition        = (Table,
                                 $mro/kernels/spk/mro_psp57_ssd_mro95a.bsp)
    InstrumentAddendum        = $mro/kernels/iak/mroctxAddendum005.ti
    ShapeModel                = $base/dems/molaMarsPlanetaryRadius0005.cub
    InstrumentPositionQuality = Reconstructed
    InstrumentPointingQuality = Reconstructed
    CameraVersion             = 1
  End_Group

  Group = Accounting
    ConnectTime = 00:00:23.1
    CpuTime     = 00:00:24.3
  End_Group
End_Object


Object = ctxcal
  IsisVersion       = "8.3.0  | 2024-10-01"
  ProgramVersion    = 2023-11-15
  ProgramPath       = /home/ivan/miniconda3/envs/asp/bin
  ExecutionDateTime = 2025-05-24T10:42:33
  HostName          = Unknown
  UserName          = ivan
  Description       = "Radiometrically calibrates a CTX image"

  Group = UserParameters
    FROM        = /mnt/c/Users/Ivan/Documents/PROJECTS/Python/pyameslib/noteb-
                  ooks/output/a_N13_067270_0910_N12_067124_0910/N13_067270_09-
                  10_XN_89S005W.lev1.cub
    TO          = /mnt/c/Users/Ivan/Documents/PROJECTS/Python/pyameslib/noteb-
                  ooks/output/a_N13_067270_0910_N12_067124_0910/N13_067270_09-
                  10_XN_89S005W.lev1.lev1.cub
    MONTHLYFLAT = No
    IOF         = True
  End_Group

  Group = Error
    Program = /home/ivan/miniconda3/envs/asp/bin/ctxcal
    Class   = "USER ERROR"
    Code    = 2
    Message = "The CTX image
               [/mnt/c/Users/Ivan/Documents/PROJECTS/Python/pyameslib/notebook-
               s/output/a_N13_067270_0910_N12_067124_0910/N13_067270_0910_XN_8-
               9S005W.lev1.cub] has already been radiometrically calibrated"
    File    = ctxcal.cpp
    Line    = 91
  End_Group
End_Object


Object = ctxcal
  IsisVersion       = "8.3.0  | 2024-10-01"
  ProgramVersion    = 2023-11-15
  ProgramPath       = /home/ivan/miniconda3/envs/asp/bin
  ExecutionDateTime = 2025-05-24T10:52:57
  HostName          = Unknown
  UserName          = ivan
  Description       = "Radiometrically calibrates a CTX image"

  Group = UserParameters
    FROM        = /mnt/c/Users/Ivan/Documents/PROJECTS/Python/pyameslib/noteb-
                  ooks/output/a_N13_067270_0910_N12_067124_0910/N13_067270_09-
                  10_XN_89S005W.lev1.cub
    TO          = /mnt/c/Users/Ivan/Documents/PROJECTS/Python/pyameslib/noteb-
                  ooks/output/a_N13_067270_0910_N12_067124_0910/N13_067270_09-
                  10_XN_89S005W.lev1.lev1.cub
    MONTHLYFLAT = No
    IOF         = True
  End_Group

  Group = Error
    Program = /home/ivan/miniconda3/envs/asp/bin/ctxcal
    Class   = "USER ERROR"
    Code    = 2
    Message = "The CTX image
               [/mnt/c/Users/Ivan/Documents/PROJECTS/Python/pyameslib/notebook-
               s/output/a_N13_067270_0910_N12_067124_0910/N13_067270_0910_XN_8-
               9S005W.lev1.cub] has already been radiometrically calibrated"
    File    = ctxcal.cpp
    Line    = 91
  End_Group
End_Object


