Object = mroctx2isis
  IsisVersion       = "8.3.0  | 2024-10-01"
  ProgramVersion    = 2016-06-10
  ProgramPath       = /home/ivan/miniconda3/envs/asp/bin
  ExecutionDateTime = 2025-05-25T01:51:57
  HostName          = Unknown
  UserName          = ivan
  Description       = "Import an MRO CTX image as an Isis cube"

  Group = UserParameters
    FROM    = P02_001981_1823_XI_02N356W.IMG
    TO      = P02_001981_1823.cub
    SUFFIX  = 18
    FILLGAP = true
  End_Group

  Group = Accounting
    ConnectTime = 00:00:09.1
    CpuTime     = 00:00:05.5
  End_Group
End_Object


Object = mroctx2isis
  IsisVersion       = "8.3.0  | 2024-10-01"
  ProgramVersion    = 2016-06-10
  ProgramPath       = /home/ivan/miniconda3/envs/asp/bin
  ExecutionDateTime = 2025-05-25T01:52:17
  HostName          = Unknown
  UserName          = ivan
  Description       = "Import an MRO CTX image as an Isis cube"

  Group = UserParameters
    FROM    = P03_002258_1817_XI_01N356W.IMG
    TO      = P03_002258_1817.cub
    SUFFIX  = 18
    FILLGAP = true
  End_Group

  Group = Accounting
    ConnectTime = 00:00:06.1
    CpuTime     = 00:00:03.8
  End_Group
End_Object


Object = spiceinit
  IsisVersion       = "8.3.0  | 2024-10-01"
  ProgramVersion    = 2021-08-10
  ProgramPath       = /home/ivan/miniconda3/envs/asp/bin
  ExecutionDateTime = 2025-05-25T01:52:32
  HostName          = Unknown
  UserName          = ivan
  Description       = "Update SPICE data (kernels, pointing, and position) for
                       a camera cube"

  Group = UserParameters
    FROM         = P02_001981_1823.cub
    WEB          = true
    ATTACH       = TRUE
    CKSMITHED    = FALSE
    CKRECON      = TRUE
    CKPREDICTED  = FALSE
    CKNADIR      = FALSE
    SPKSMITHED   = FALSE
    SPKRECON     = TRUE
    SPKPREDICTED = FALSE
    SHAPE        = SYSTEM
    STARTPAD     = 0.0
    ENDPAD       = 0.0
    URL          = https://astrogeology.usgs.gov/apis/ale/v0.9.1/spiceserver/
    PORT         = 443
  End_Group

  Group = Kernels
    NaifFrameCode             = -74021
    LeapSecond                = $base/kernels/lsk/naif0012.tls
    TargetAttitudeShape       = $mro/kernels/pck/pck00008.tpc
    TargetPosition            = (Table, $base/kernels/spk/de430.bsp,
                                 $base/kernels/spk/mar097.bsp)
    InstrumentPointing        = (Table,
                                 $mro/kernels/ck/mro_sc_psp_061226_070101.bc,
                                 $mro/kernels/fk/mro_v16.tf)
    Instrument                = Null
    SpacecraftClock           = $mro/kernels/sclk/MRO_SCLKSCET.00113.65536.tsc
    InstrumentPosition        = (Table,
                                 $mro/kernels/spk/mro_psp1_ssd_mro110c.bsp)
    InstrumentAddendum        = $mro/kernels/iak/mroctxAddendum005.ti
    ShapeModel                = $base/dems/molaMarsPlanetaryRadius0005.cub
    InstrumentPositionQuality = Reconstructed
    InstrumentPointingQuality = Reconstructed
    CameraVersion             = 1
  End_Group

  Group = Accounting
    ConnectTime = 00:00:09.8
    CpuTime     = 00:00:10.5
  End_Group
End_Object


Object = spiceinit
  IsisVersion       = "8.3.0  | 2024-10-01"
  ProgramVersion    = 2021-08-10
  ProgramPath       = /home/ivan/miniconda3/envs/asp/bin
  ExecutionDateTime = 2025-05-25T01:53:14
  HostName          = Unknown
  UserName          = ivan
  Description       = "Update SPICE data (kernels, pointing, and position) for
                       a camera cube"

  Group = UserParameters
    FROM         = P02_001981_1823.cub
    WEB          = true
    ATTACH       = TRUE
    CKSMITHED    = FALSE
    CKRECON      = TRUE
    CKPREDICTED  = FALSE
    CKNADIR      = FALSE
    SPKSMITHED   = FALSE
    SPKRECON     = TRUE
    SPKPREDICTED = FALSE
    SHAPE        = SYSTEM
    STARTPAD     = 0.0
    ENDPAD       = 0.0
    URL          = https://astrogeology.usgs.gov/apis/ale/v0.9.1/spiceserver/
    PORT         = 443
  End_Group

  Group = Kernels
    NaifFrameCode             = -74021
    LeapSecond                = $base/kernels/lsk/naif0012.tls
    TargetAttitudeShape       = $mro/kernels/pck/pck00008.tpc
    TargetPosition            = (Table, $base/kernels/spk/de430.bsp,
                                 $base/kernels/spk/mar097.bsp)
    InstrumentPointing        = (Table,
                                 $mro/kernels/ck/mro_sc_psp_061226_070101.bc,
                                 $mro/kernels/fk/mro_v16.tf)
    Instrument                = Null
    SpacecraftClock           = $mro/kernels/sclk/MRO_SCLKSCET.00113.65536.tsc
    InstrumentPosition        = (Table,
                                 $mro/kernels/spk/mro_psp1_ssd_mro110c.bsp)
    InstrumentAddendum        = $mro/kernels/iak/mroctxAddendum005.ti
    ShapeModel                = $base/dems/molaMarsPlanetaryRadius0005.cub
    InstrumentPositionQuality = Reconstructed
    InstrumentPointingQuality = Reconstructed
    CameraVersion             = 1
  End_Group

  Group = Accounting
    ConnectTime = 00:00:26.0
    CpuTime     = 00:00:27.6
  End_Group
End_Object


Object = spiceinit
  IsisVersion       = "8.3.0  | 2024-10-01"
  ProgramVersion    = 2021-08-10
  ProgramPath       = /home/ivan/miniconda3/envs/asp/bin
  ExecutionDateTime = 2025-05-25T01:53:56
  HostName          = Unknown
  UserName          = ivan
  Description       = "Update SPICE data (kernels, pointing, and position) for
                       a camera cube"

  Group = UserParameters
    FROM         = P03_002258_1817.cub
    WEB          = true
    ATTACH       = TRUE
    CKSMITHED    = FALSE
    CKRECON      = TRUE
    CKPREDICTED  = FALSE
    CKNADIR      = FALSE
    SPKSMITHED   = FALSE
    SPKRECON     = TRUE
    SPKPREDICTED = FALSE
    SHAPE        = SYSTEM
    STARTPAD     = 0.0
    ENDPAD       = 0.0
    URL          = https://astrogeology.usgs.gov/apis/ale/v0.9.1/spiceserver/
    PORT         = 443
  End_Group

  Group = Kernels
    NaifFrameCode             = -74021
    LeapSecond                = $base/kernels/lsk/naif0012.tls
    TargetAttitudeShape       = $mro/kernels/pck/pck00008.tpc
    TargetPosition            = (Table, $base/kernels/spk/de430.bsp,
                                 $base/kernels/spk/mar097.bsp)
    InstrumentPointing        = (Table,
                                 $mro/kernels/ck/mro_sc_psp_070116_070122.bc,
                                 $mro/kernels/fk/mro_v16.tf)
    Instrument                = Null
    SpacecraftClock           = $mro/kernels/sclk/MRO_SCLKSCET.00113.65536.tsc
    InstrumentPosition        = (Table,
                                 $mro/kernels/spk/mro_psp2_ssd_mro110c.bsp)
    InstrumentAddendum        = $mro/kernels/iak/mroctxAddendum005.ti
    ShapeModel                = $base/dems/molaMarsPlanetaryRadius0005.cub
    InstrumentPositionQuality = Reconstructed
    InstrumentPointingQuality = Reconstructed
    CameraVersion             = 1
  End_Group

  Group = Accounting
    ConnectTime = 00:00:07.4
    CpuTime     = 00:00:07.9
  End_Group
End_Object


Object = ctxcal
  IsisVersion       = "8.3.0  | 2024-10-01"
  ProgramVersion    = 2023-11-15
  ProgramPath       = /home/ivan/miniconda3/envs/asp/bin
  ExecutionDateTime = 2025-05-25T01:54:14
  HostName          = Unknown
  UserName          = ivan
  Description       = "Radiometrically calibrates a CTX image"

  Group = UserParameters
    FROM        = P02_001981_1823.cub
    TO          = P02_001981_1823.cal.cub
    MONTHLYFLAT = No
    IOF         = True
  End_Group

  Group = Accounting
    ConnectTime = 00:00:04.2
    CpuTime     = 00:00:02.3
  End_Group
End_Object


Object = ctxcal
  IsisVersion       = "8.3.0  | 2024-10-01"
  ProgramVersion    = 2023-11-15
  ProgramPath       = /home/ivan/miniconda3/envs/asp/bin
  ExecutionDateTime = 2025-05-25T01:54:24
  HostName          = Unknown
  UserName          = ivan
  Description       = "Radiometrically calibrates a CTX image"

  Group = UserParameters
    FROM        = P03_002258_1817.cub
    TO          = P03_002258_1817.cal.cub
    MONTHLYFLAT = No
    IOF         = True
  End_Group

  Group = Accounting
    ConnectTime = 00:00:02.7
    CpuTime     = 00:00:01.6
  End_Group
End_Object


Object = camrange
  IsisVersion       = "8.3.0  | 2024-10-01"
  ProgramVersion    = 2012-10-11
  ProgramPath       = /home/ivan/miniconda3/envs/asp/bin
  ExecutionDateTime = 2025-05-25T01:55:25
  HostName          = Unknown
  UserName          = ivan
  Description       = "Compute the lat/lon range of a camera image"

  Group = UserParameters
    FROM = P02_001981_1823.cal.cub
    TO   = /mnt/c/Users/Ivan/Documents/PROJECTS/Python/pyameslib/notebooks/ou-
           tput/a_P02_001981_1823_P03_002258_1817/camrangeiqvuff83.txt
  End_Group

  Group = Target
    From       = P02_001981_1823.cal.cub
    TargetName = Mars
    RadiusA    = 3396190.0 <meters>
    RadiusB    = 3396190.0 <meters>
    RadiusC    = 3376200.0 <meters>
  End_Group

  Group = PixelResolution
    Lowest  = 5.4397600026269 <meters>
    Highest = 5.3589447638248 <meters>
  End_Group

  Group = UniversalGroundRange
    LatitudeType       = Planetocentric
    LongitudeDirection = PositiveEast
    LongitudeDomain    = 360
    MinimumLatitude    = 0.70805840823223
    MaximumLatitude    = 3.840218873983
    MinimumLongitude   = 3.1450991479815
    MaximumLongitude   = 3.9510268177183
  End_Group

  Group = LatitudeRange
    LatitudeType    = Planetographic
    MinimumLatitude = 0.71646698510367
    MaximumLatitude = 3.8856893756391
  End_Group

  Group = PositiveWest360
    LongitudeDirection = PositiveWest
    LongitudeDomain    = 360
    MinimumLongitude   = 356.04897318228
    MaximumLongitude   = 356.85490085202
  End_Group

  Group = PositiveEast180
    LongitudeDirection = PositiveEast
    LongitudeDomain    = 180
    MinimumLongitude   = 3.1450991479815
    MaximumLongitude   = 3.9510268177183
  End_Group

  Group = PositiveWest180
    LongitudeDirection = PositiveWest
    LongitudeDomain    = 180
    MinimumLongitude   = -3.9510268177183
    MaximumLongitude   = -3.1450991479815
  End_Group

  Group = Accounting
    ConnectTime = 00:00:03.7
    CpuTime     = 00:00:04.1
  End_Group
End_Object


Object = getkey
  IsisVersion       = "8.3.0  | 2024-10-01"
  ProgramVersion    = 2022-11-23
  ProgramPath       = /home/ivan/miniconda3/envs/asp/bin
  ExecutionDateTime = 2025-05-25T01:55:29
  HostName          = Unknown
  UserName          = ivan
  Description       = "Outputs the value of a requested keyword"

  Group = UserParameters
    FROM      = /mnt/c/Users/Ivan/Documents/PROJECTS/Python/pyameslib/noteboo-
                ks/output/a_P02_001981_1823_P03_002258_1817/camrangeiqvuff83.-
                txt
    GRPNAME   = PixelResolution
    KEYWORD   = Lowest
    UPPER     = False
    RECURSIVE = False
  End_Group

  Group = Results
    From   = /mnt/c/Users/Ivan/Documents/PROJECTS/Python/pyameslib/notebooks/-
             output/a_P02_001981_1823_P03_002258_1817/camrangeiqvuff83.txt
    Lowest = 5.4397600026269
  End_Group

  Group = Accounting
    ConnectTime = 00:00:00.0
    CpuTime     = 00:00:00.0
  End_Group
End_Object


Object = getkey
  IsisVersion       = "8.3.0  | 2024-10-01"
  ProgramVersion    = 2022-11-23
  ProgramPath       = /home/ivan/miniconda3/envs/asp/bin
  ExecutionDateTime = 2025-05-25T01:55:29
  HostName          = Unknown
  UserName          = ivan
  Description       = "Outputs the value of a requested keyword"

  Group = UserParameters
    FROM      = /mnt/c/Users/Ivan/Documents/PROJECTS/Python/pyameslib/noteboo-
                ks/output/a_P02_001981_1823_P03_002258_1817/camrangeiqvuff83.-
                txt
    GRPNAME   = UniversalGroundRange
    KEYWORD   = MinimumLatitude
    UPPER     = False
    RECURSIVE = False
  End_Group

  Group = Results
    From            = /mnt/c/Users/Ivan/Documents/PROJECTS/Python/pyameslib/n-
                      otebooks/output/a_P02_001981_1823_P03_002258_1817/camra-
                      ngeiqvuff83.txt
    MinimumLatitude = 0.70805840823223
  End_Group

  Group = Accounting
    ConnectTime = 00:00:00.0
    CpuTime     = 00:00:00.0
  End_Group
End_Object


Object = getkey
  IsisVersion       = "8.3.0  | 2024-10-01"
  ProgramVersion    = 2022-11-23
  ProgramPath       = /home/ivan/miniconda3/envs/asp/bin
  ExecutionDateTime = 2025-05-25T01:55:29
  HostName          = Unknown
  UserName          = ivan
  Description       = "Outputs the value of a requested keyword"

  Group = UserParameters
    FROM      = /mnt/c/Users/Ivan/Documents/PROJECTS/Python/pyameslib/noteboo-
                ks/output/a_P02_001981_1823_P03_002258_1817/camrangeiqvuff83.-
                txt
    GRPNAME   = UniversalGroundRange
    KEYWORD   = MaximumLatitude
    UPPER     = False
    RECURSIVE = False
  End_Group

  Group = Results
    From            = /mnt/c/Users/Ivan/Documents/PROJECTS/Python/pyameslib/n-
                      otebooks/output/a_P02_001981_1823_P03_002258_1817/camra-
                      ngeiqvuff83.txt
    MaximumLatitude = 3.840218873983
  End_Group

  Group = Accounting
    ConnectTime = 00:00:00.0
    CpuTime     = 00:00:00.0
  End_Group
End_Object


Object = getkey
  IsisVersion       = "8.3.0  | 2024-10-01"
  ProgramVersion    = 2022-11-23
  ProgramPath       = /home/ivan/miniconda3/envs/asp/bin
  ExecutionDateTime = 2025-05-25T01:55:29
  HostName          = Unknown
  UserName          = ivan
  Description       = "Outputs the value of a requested keyword"

  Group = UserParameters
    FROM      = /mnt/c/Users/Ivan/Documents/PROJECTS/Python/pyameslib/noteboo-
                ks/output/a_P02_001981_1823_P03_002258_1817/camrangeiqvuff83.-
                txt
    GRPNAME   = UniversalGroundRange
    KEYWORD   = MinimumLongitude
    UPPER     = False
    RECURSIVE = False
  End_Group

  Group = Results
    From             = /mnt/c/Users/Ivan/Documents/PROJECTS/Python/pyameslib/-
                       notebooks/output/a_P02_001981_1823_P03_002258_1817/cam-
                       rangeiqvuff83.txt
    MinimumLongitude = 3.1450991479815
  End_Group

  Group = Accounting
    ConnectTime = 00:00:00.0
    CpuTime     = 00:00:00.0
  End_Group
End_Object


Object = getkey
  IsisVersion       = "8.3.0  | 2024-10-01"
  ProgramVersion    = 2022-11-23
  ProgramPath       = /home/ivan/miniconda3/envs/asp/bin
  ExecutionDateTime = 2025-05-25T01:55:29
  HostName          = Unknown
  UserName          = ivan
  Description       = "Outputs the value of a requested keyword"

  Group = UserParameters
    FROM      = /mnt/c/Users/Ivan/Documents/PROJECTS/Python/pyameslib/noteboo-
                ks/output/a_P02_001981_1823_P03_002258_1817/camrangeiqvuff83.-
                txt
    GRPNAME   = UniversalGroundRange
    KEYWORD   = MaximumLongitude
    UPPER     = False
    RECURSIVE = False
  End_Group

  Group = Results
    From             = /mnt/c/Users/Ivan/Documents/PROJECTS/Python/pyameslib/-
                       notebooks/output/a_P02_001981_1823_P03_002258_1817/cam-
                       rangeiqvuff83.txt
    MaximumLongitude = 3.9510268177183
  End_Group

  Group = Accounting
    ConnectTime = 00:00:00.0
    CpuTime     = 00:00:00.0
  End_Group
End_Object


Object = camrange
  IsisVersion       = "8.3.0  | 2024-10-01"
  ProgramVersion    = 2012-10-11
  ProgramPath       = /home/ivan/miniconda3/envs/asp/bin
  ExecutionDateTime = 2025-05-25T01:55:29
  HostName          = Unknown
  UserName          = ivan
  Description       = "Compute the lat/lon range of a camera image"

  Group = UserParameters
    FROM = P03_002258_1817.cal.cub
    TO   = /mnt/c/Users/Ivan/Documents/PROJECTS/Python/pyameslib/notebooks/ou-
           tput/a_P02_001981_1823_P03_002258_1817/camrangecs0h1u0x.txt
  End_Group

  Group = Target
    From       = P03_002258_1817.cal.cub
    TargetName = Mars
    RadiusA    = 3396190.0 <meters>
    RadiusB    = 3396190.0 <meters>
    RadiusC    = 3376200.0 <meters>
  End_Group

  Group = PixelResolution
    Lowest  = 6.1100898883603 <meters>
    Highest = 5.7933018956627 <meters>
  End_Group

  Group = UniversalGroundRange
    LatitudeType       = Planetocentric
    LongitudeDirection = PositiveEast
    LongitudeDomain    = 360
    MinimumLatitude    = 0.83363495074829
    MaximumLatitude    = 2.9500726431229
    MinimumLongitude   = 3.1890500523196
    MaximumLongitude   = 3.9822138114481
  End_Group

  Group = LatitudeRange
    LatitudeType    = Planetographic
    MinimumLatitude = 0.84353442084159
    MaximumLatitude = 2.9850469876706
  End_Group

  Group = PositiveWest360
    LongitudeDirection = PositiveWest
    LongitudeDomain    = 360
    MinimumLongitude   = 356.01778618855
    MaximumLongitude   = 356.81094994768
  End_Group

  Group = PositiveEast180
    LongitudeDirection = PositiveEast
    LongitudeDomain    = 180
    MinimumLongitude   = 3.1890500523196
    MaximumLongitude   = 3.9822138114481
  End_Group

  Group = PositiveWest180
    LongitudeDirection = PositiveWest
    LongitudeDomain    = 180
    MinimumLongitude   = -3.9822138114481
    MaximumLongitude   = -3.1890500523196
  End_Group

  Group = Accounting
    ConnectTime = 00:00:02.7
    CpuTime     = 00:00:03.0
  End_Group
End_Object


Object = getkey
  IsisVersion       = "8.3.0  | 2024-10-01"
  ProgramVersion    = 2022-11-23
  ProgramPath       = /home/ivan/miniconda3/envs/asp/bin
  ExecutionDateTime = 2025-05-25T01:55:32
  HostName          = Unknown
  UserName          = ivan
  Description       = "Outputs the value of a requested keyword"

  Group = UserParameters
    FROM      = /mnt/c/Users/Ivan/Documents/PROJECTS/Python/pyameslib/noteboo-
                ks/output/a_P02_001981_1823_P03_002258_1817/camrangecs0h1u0x.-
                txt
    GRPNAME   = PixelResolution
    KEYWORD   = Lowest
    UPPER     = False
    RECURSIVE = False
  End_Group

  Group = Results
    From   = /mnt/c/Users/Ivan/Documents/PROJECTS/Python/pyameslib/notebooks/-
             output/a_P02_001981_1823_P03_002258_1817/camrangecs0h1u0x.txt
    Lowest = 6.1100898883603
  End_Group

  Group = Accounting
    ConnectTime = 00:00:00.0
    CpuTime     = 00:00:00.0
  End_Group
End_Object


Object = getkey
  IsisVersion       = "8.3.0  | 2024-10-01"
  ProgramVersion    = 2022-11-23
  ProgramPath       = /home/ivan/miniconda3/envs/asp/bin
  ExecutionDateTime = 2025-05-25T01:55:32
  HostName          = Unknown
  UserName          = ivan
  Description       = "Outputs the value of a requested keyword"

  Group = UserParameters
    FROM      = /mnt/c/Users/Ivan/Documents/PROJECTS/Python/pyameslib/noteboo-
                ks/output/a_P02_001981_1823_P03_002258_1817/camrangecs0h1u0x.-
                txt
    GRPNAME   = UniversalGroundRange
    KEYWORD   = MinimumLatitude
    UPPER     = False
    RECURSIVE = False
  End_Group

  Group = Results
    From            = /mnt/c/Users/Ivan/Documents/PROJECTS/Python/pyameslib/n-
                      otebooks/output/a_P02_001981_1823_P03_002258_1817/camra-
                      ngecs0h1u0x.txt
    MinimumLatitude = 0.83363495074829
  End_Group

  Group = Accounting
    ConnectTime = 00:00:00.0
    CpuTime     = 00:00:00.0
  End_Group
End_Object


Object = getkey
  IsisVersion       = "8.3.0  | 2024-10-01"
  ProgramVersion    = 2022-11-23
  ProgramPath       = /home/ivan/miniconda3/envs/asp/bin
  ExecutionDateTime = 2025-05-25T01:55:32
  HostName          = Unknown
  UserName          = ivan
  Description       = "Outputs the value of a requested keyword"

  Group = UserParameters
    FROM      = /mnt/c/Users/Ivan/Documents/PROJECTS/Python/pyameslib/noteboo-
                ks/output/a_P02_001981_1823_P03_002258_1817/camrangecs0h1u0x.-
                txt
    GRPNAME   = UniversalGroundRange
    KEYWORD   = MaximumLatitude
    UPPER     = False
    RECURSIVE = False
  End_Group

  Group = Results
    From            = /mnt/c/Users/Ivan/Documents/PROJECTS/Python/pyameslib/n-
                      otebooks/output/a_P02_001981_1823_P03_002258_1817/camra-
                      ngecs0h1u0x.txt
    MaximumLatitude = 2.9500726431229
  End_Group

  Group = Accounting
    ConnectTime = 00:00:00.0
    CpuTime     = 00:00:00.0
  End_Group
End_Object


Object = getkey
  IsisVersion       = "8.3.0  | 2024-10-01"
  ProgramVersion    = 2022-11-23
  ProgramPath       = /home/ivan/miniconda3/envs/asp/bin
  ExecutionDateTime = 2025-05-25T01:55:32
  HostName          = Unknown
  UserName          = ivan
  Description       = "Outputs the value of a requested keyword"

  Group = UserParameters
    FROM      = /mnt/c/Users/Ivan/Documents/PROJECTS/Python/pyameslib/noteboo-
                ks/output/a_P02_001981_1823_P03_002258_1817/camrangecs0h1u0x.-
                txt
    GRPNAME   = UniversalGroundRange
    KEYWORD   = MinimumLongitude
    UPPER     = False
    RECURSIVE = False
  End_Group

  Group = Results
    From             = /mnt/c/Users/Ivan/Documents/PROJECTS/Python/pyameslib/-
                       notebooks/output/a_P02_001981_1823_P03_002258_1817/cam-
                       rangecs0h1u0x.txt
    MinimumLongitude = 3.1890500523196
  End_Group

  Group = Accounting
    ConnectTime = 00:00:00.0
    CpuTime     = 00:00:00.0
  End_Group
End_Object


Object = getkey
  IsisVersion       = "8.3.0  | 2024-10-01"
  ProgramVersion    = 2022-11-23
  ProgramPath       = /home/ivan/miniconda3/envs/asp/bin
  ExecutionDateTime = 2025-05-25T01:55:32
  HostName          = Unknown
  UserName          = ivan
  Description       = "Outputs the value of a requested keyword"

  Group = UserParameters
    FROM      = /mnt/c/Users/Ivan/Documents/PROJECTS/Python/pyameslib/noteboo-
                ks/output/a_P02_001981_1823_P03_002258_1817/camrangecs0h1u0x.-
                txt
    GRPNAME   = UniversalGroundRange
    KEYWORD   = MaximumLongitude
    UPPER     = False
    RECURSIVE = False
  End_Group

  Group = Results
    From             = /mnt/c/Users/Ivan/Documents/PROJECTS/Python/pyameslib/-
                       notebooks/output/a_P02_001981_1823_P03_002258_1817/cam-
                       rangecs0h1u0x.txt
    MaximumLongitude = 3.9822138114481
  End_Group

  Group = Accounting
    ConnectTime = 00:00:00.0
    CpuTime     = 00:00:00.0
  End_Group
End_Object


Object = cam2map
  IsisVersion       = "8.3.0  | 2024-10-01"
  ProgramVersion    = 2020-03-02
  ProgramPath       = /home/ivan/miniconda3/envs/asp/bin
  ExecutionDateTime = 2025-05-25T01:55:32
  HostName          = Unknown
  UserName          = ivan
  Description       = "Convert camera image to a map projection"

  Group = UserParameters
    FROM          = P02_001981_1823.cal.cub
    MAP           = $ISISROOT/appdata/templates/maps/sinusoidal.map
    TO            = P02_001981_1823.map.cub
    MATCHMAP      = false
    PIXRES        = MPP
    RESOLUTION    = 6.1100898883603
    DEFAULTRANGE  = MAP
    MINLAT        = 0.83363495074829
    MAXLAT        = 2.9500726431229
    MINLON        = 3.1890500523196
    MAXLON        = 3.9510268177183
    TRIM          = FALSE
    INTERP        = CUBICCONVOLUTION
    WARPALGORITHM = AUTOMATIC
  End_Group

  Group = Mapping
    TargetName         = Mars
    ProjectionName     = Sinusoidal
    EquatorialRadius   = 3396190.0 <meters>
    PolarRadius        = 3376200.0 <meters>
    LatitudeType       = Planetocentric
    LongitudeDirection = PositiveEast
    LongitudeDomain    = 360
    PixelResolution    = 6.1100898883603 <meters/pixel>
    Scale              = 9701.1171040584 <pixels/degree>
    UpperLeftCornerX   = -22582.89222738 <meters>
    UpperLeftCornerY   = 174870.77260487 <meters>
    MinimumLatitude    = 0.83363495074829
    MaximumLatitude    = 2.9500726431229
    MinimumLongitude   = 3.1890500523196
    MaximumLongitude   = 3.9510268177183
    CenterLongitude    = 3.570038435019
  End_Group

  Group = Accounting
    ConnectTime = 00:08:30.9
    CpuTime     = 00:04:49.4
  End_Group
End_Object


Object = cam2map
  IsisVersion       = "8.3.0  | 2024-10-01"
  ProgramVersion    = 2020-03-02
  ProgramPath       = /home/ivan/miniconda3/envs/asp/bin
  ExecutionDateTime = 2025-05-25T02:04:33
  HostName          = Unknown
  UserName          = ivan
  Description       = "Convert camera image to a map projection"

  Group = UserParameters
    FROM          = P03_002258_1817.cal.cub
    MAP           = $ISISROOT/appdata/templates/maps/sinusoidal.map
    TO            = P03_002258_1817.map.cub
    MATCHMAP      = false
    PIXRES        = MPP
    RESOLUTION    = 6.1100898883603
    DEFAULTRANGE  = MAP
    MINLAT        = 0.83363495074829
    MAXLAT        = 2.9500726431229
    MINLON        = 3.1890500523196
    MAXLON        = 3.9510268177183
    TRIM          = FALSE
    INTERP        = CUBICCONVOLUTION
    WARPALGORITHM = AUTOMATIC
  End_Group

  Group = Mapping
    TargetName         = Mars
    ProjectionName     = Sinusoidal
    EquatorialRadius   = 3396190.0 <meters>
    PolarRadius        = 3376200.0 <meters>
    LatitudeType       = Planetocentric
    LongitudeDirection = PositiveEast
    LongitudeDomain    = 360
    PixelResolution    = 6.1100898883603 <meters/pixel>
    Scale              = 9701.1171040584 <pixels/degree>
    UpperLeftCornerX   = -22582.89222738 <meters>
    UpperLeftCornerY   = 174870.77260487 <meters>
    MinimumLatitude    = 0.83363495074829
    MaximumLatitude    = 2.9500726431229
    MinimumLongitude   = 3.1890500523196
    MaximumLongitude   = 3.9510268177183
    CenterLongitude    = 3.570038435019
  End_Group

  Group = Accounting
    ConnectTime = 00:07:45.5
    CpuTime     = 00:03:51.8
  End_Group
End_Object


